c:\users\chait\onedrive\desktop\lr1\x64\debug\vc143.pdb
c:\users\chait\onedrive\desktop\lr1\x64\debug\.netframework,version=v4.7.2.assemblyattributes.obj
c:\users\chait\onedrive\desktop\lr1\x64\debug\registerform.obj
c:\users\chait\onedrive\desktop\lr1\x64\debug\program.obj
c:\users\chait\onedrive\desktop\lr1\x64\debug\mainform.obj
c:\users\chait\onedrive\desktop\lr1\x64\debug\loginform.obj
c:\users\chait\onedrive\desktop\lr1\x64\debug\lr1.exe
c:\users\chait\onedrive\desktop\lr1\x64\debug\lr1.pdb
c:\users\chait\onedrive\desktop\lr1\x64\debug\lr1.exe.metagen
c:\users\chait\onedrive\desktop\lr1\x64\debug\lr1.tlog\cl.command.1.tlog
c:\users\chait\onedrive\desktop\lr1\x64\debug\lr1.tlog\cl.items.tlog
c:\users\chait\onedrive\desktop\lr1\x64\debug\lr1.tlog\cl.read.1.tlog
c:\users\chait\onedrive\desktop\lr1\x64\debug\lr1.tlog\cl.write.1.tlog
c:\users\chait\onedrive\desktop\lr1\x64\debug\lr1.tlog\link.command.1.tlog
c:\users\chait\onedrive\desktop\lr1\x64\debug\lr1.tlog\link.read.1.tlog
c:\users\chait\onedrive\desktop\lr1\x64\debug\lr1.tlog\link.write.1.tlog
c:\users\chait\onedrive\desktop\lr1\x64\debug\lr1.tlog\metagen.read.1.tlog
c:\users\chait\onedrive\desktop\lr1\x64\debug\lr1.tlog\metagen.write.1.tlog
c:\users\chait\onedrive\desktop\lr1\x64\debug\lr1.tlog\resgen.command.1.tlog
c:\users\chait\onedrive\desktop\lr1\x64\debug\lr1.tlog\resgen.read.1.tlog
c:\users\chait\onedrive\desktop\lr1\x64\debug\lr1.tlog\resgen.write.1.tlog
